<?xml version="1.0" encoding="UTF-8"?>
<!-- Generated by org.testng.reporters.JUnitReportReporter -->
<testsuite hostname="JAYASHREE-PC" name="samplepacakage.Test1" tests="1" failures="0" timestamp="2 Jun 2019 05:41:16 GMT" time="0.016" errors="0">
  <testcase name="test" time="0.016" classname="samplepacakage.Test1"/>
</testsuite> <!-- samplepacakage.Test1 -->
